Starting api server...
b'{"id":2,"device":100,"area":1000,"val":"2","time":"2017-03-10T18:03:33.9533025-08:00"}\n'
b'{"id":3,"device":100,"area":1000,"val":"18","time":"2017-03-10T18:03:34.6089028-08:00"}\n{"id":1,"device":100,"area":1000,"val":"64","time":"2017-03-10T18:03:34.6089028-08:00"}\n{"id":2,"device":100,"area":1000,"val":"1","time":"2017-03-10T18:03:34.6089028-08:00"}\n'
b'{"id":1,"device":100,"area":1000,"val":"66","time":"2017-03-10T18:03:35.1135862-08:00"}\n{"id":2,"device":100,"area":1000,"val":"6","time":"2017-03-10T18:03:35.1135862-08:00"}\n{"id":3,"device":100,"area":1000,"val":"25","time":"2017-03-10T18:03:35.1135862-08:00"}\n'
b'{"id":2,"device":100,"area":1000,"val":"5","time":"2017-03-10T18:03:35.6183364-08:00"}\n{"id":3,"device":100,"area":1000,"val":"36","time":"2017-03-10T18:03:35.6183364-08:00"}\n{"id":1,"device":100,"area":1000,"val":"67","time":"2017-03-10T18:03:35.6183364-08:00"}\n'
b'{"id":1,"device":100,"area":1000,"val":"70","time":"2017-03-10T18:03:36.1245072-08:00"}\n{"id":2,"device":100,"area":1000,"val":"7","time":"2017-03-10T18:03:36.1245072-08:00"}\n'
b'{"id":1,"device":100,"area":1000,"val":"66","time":"2017-03-10T18:03:36.6294509-08:00"}\n{"id":2,"device":100,"area":1000,"val":"1","time":"2017-03-10T18:03:36.6294509-08:00"}\n{"id":3,"device":100,"area":1000,"val":"27","time":"2017-03-10T18:03:36.6294509-08:00"}\n'
b'{"id":1,"device":100,"area":1000,"val":"61","time":"2017-03-10T18:03:37.1356032-08:00"}\n{"id":2,"device":100,"area":1000,"val":"5","time":"2017-03-10T18:03:37.1356032-08:00"}\n'
b'{"id":1,"device":100,"area":1000,"val":"68","time":"2017-03-10T18:03:37.6395135-08:00"}\n{"id":3,"device":100,"area":1000,"val":"18","time":"2017-03-10T18:03:37.6395135-08:00"}\n'
b'{"id":2,"device":100,"area":1000,"val":"5","time":"2017-03-10T18:03:38.1434253-08:00"}\n'
b'{"id":1,"device":100,"area":1000,"val":"70","time":"2017-03-10T18:03:39.1997183-08:00"}\n{"id":2,"device":100,"area":1000,"val":"4","time":"2017-03-10T18:03:39.1997183-08:00"}\n{"id":3,"device":100,"area":1000,"val":"24","time":"2017-03-10T18:03:39.1997183-08:00"}\n'
b'{"id":1,"device":100,"area":1000,"val":"64","time":"2017-03-10T18:03:39.7036796-08:00"}\n{"id":2,"device":100,"area":1000,"val":"1","time":"2017-03-10T18:03:39.7036796-08:00"}\n'
b'{"id":1,"device":100,"area":1000,"val":"63","time":"2017-03-10T18:03:40.2079851-08:00"}\n{"id":2,"device":100,"area":1000,"val":"2","time":"2017-03-10T18:03:40.2079851-08:00"}\n{"id":3,"device":100,"area":1000,"val":"40","time":"2017-03-10T18:03:40.2079851-08:00"}\n'
b'{"id":1,"device":100,"area":1000,"val":"62","time":"2017-03-10T18:03:40.7117924-08:00"}\n{"id":2,"device":100,"area":1000,"val":"4","time":"2017-03-10T18:03:40.7117924-08:00"}\n{"id":3,"device":100,"area":1000,"val":"20","time":"2017-03-10T18:03:40.7117924-08:00"}\n'
b'{"id":2,"device":100,"area":1000,"val":"4","time":"2017-03-10T18:03:41.2160337-08:00"}\n'
b'{"id":1,"device":100,"area":1000,"val":"67","time":"2017-03-10T18:03:41.7687769-08:00"}\n{"id":2,"device":100,"area":1000,"val":"4","time":"2017-03-10T18:03:41.7687769-08:00"}\n'
b'{"id":3,"device":100,"area":1000,"val":"19","time":"2017-03-10T18:03:42.2732891-08:00"}\n'
b'{"id":3,"device":100,"area":1000,"val":"32","time":"2017-03-10T18:03:42.8123942-08:00"}\n'
b'{"id":1,"device":100,"area":1000,"val":"63","time":"2017-03-10T18:03:43.8541664-08:00"}\n{"id":2,"device":100,"area":1000,"val":"4","time":"2017-03-10T18:03:43.8541664-08:00"}\n'
b'{"id":2,"device":100,"area":1000,"val":"1","time":"2017-03-10T18:03:44.3582525-08:00"}\n{"id":3,"device":100,"area":1000,"val":"27","time":"2017-03-10T18:03:44.3582525-08:00"}\n'
b'{"id":1,"device":100,"area":1000,"val":"62","time":"2017-03-10T18:03:44.8634582-08:00"}\n{"id":3,"device":100,"area":1000,"val":"28","time":"2017-03-10T18:03:44.8634582-08:00"}\n'
Starting api server...
b'{"id":2,"device":100,"area":1000,"val":"5","time":"2017-03-10T18:07:06.0939994-08:00"}\n'
Starting api server...
b'{"id":3,"device":100,"area":1000,"val":"24","time":"2017-03-10T18:08:12.034416-08:00"}\n'
{'area': ['1000'], 'temp': ['40']}
Starting api server...
{'area': ['1000'], 'temp': ['40']}
Starting api server...
{'area': ['1000'], 'temp': ['40']}
{'area': ['1000,2000'], 'temp': ['40']}
Starting api server...
{'area': ['1000'], 'temp': ['40']}
{}
{}
{'area': ['1000']}
Starting api server...
{'area': ['1000']}
